Received JSON: 
Received JSON: 
Received JSON: 
Received JSON: 
Received JSON: 
Received JSON: 
Received JSON: 
Received JSON: 
Received JSON: 
Received JSON: 
Received JSON: 
Received JSON: 
Received JSON: 
Received JSON: 
Received JSON: 
Received JSON: 
Received JSON: 
Received JSON: 
Received JSON: 
Received JSON: 
Received JSON: 
Received JSON: 
Received JSON: 
Received JSON: 
Received JSON: 
Received JSON: 
Received JSON: 
Received JSON: 
Dữ liệu nhận được: 
Dữ liệu nhận được: 
Received JSON: 
Dữ liệu nhận được: 
Received JSON: 
Received JSON: 
Received JSON: 
Received JSON: 
Received JSON: 
Received JSON: 
Received JSON: 
Received JSON: 
Received JSON: 
Received JSON: 
📥 Dữ liệu nhận được: 
📥 Dữ liệu nhận được: 
📥 Dữ liệu nhận được: 
📥 Dữ liệu nhận được: 
📥 Dữ liệu nhận được: 
📥 Dữ liệu nhận được: 
📥 Dữ liệu nhận được: 
📥 Dữ liệu nhận được: 
📥 Dữ liệu nhận được: 
📥 Dữ liệu nhận được: 
📥 Dữ liệu nhận được: 
📥 Dữ liệu nhận được: 
📥 Dữ liệu nhận được: 
📥 Dữ liệu nhận được: 
📥 Dữ liệu nhận được: 
📥 Dữ liệu nhận được: 
📥 Dữ liệu nhận được: 
📥 Dữ liệu nhận được: 
📥 Dữ liệu nhận được: 
📥 Dữ liệu nhận được: 
📥 Dữ liệu nhận được: {
    "email": "trungkien@gmail.com",
    "password": "123456"
}
✅ JSON decode thành công: Array
(
    [email] => trungkien@gmail.com
    [password] => 123456
)

🛠 SQL Query: 
🔍 Email nhập vào: 
📥 Dữ liệu nhận được: {
    "email": "trungkien@gmail.com",
    "password": "123456"
}
✅ JSON decode thành công: Array
(
    [email] => trungkien@gmail.com
    [password] => 123456
)

🛠 SQL Query: 
🔍 Email nhập vào: 
📥 Dữ liệu nhận được: {
    "email": "trungkien@gmail.com",
    "password": "123456"
}
✅ JSON decode thành công: Array
(
    [email] => trungkien@gmail.com
    [password] => 123456
)

🛠 SQL Query: 
🔍 Email nhập vào: 
📥 Dữ liệu nhận được: {
    "email": "trungkien@gmail.com",
    "password": "123456"
}
✅ JSON decode thành công: Array
(
    [email] => trungkien@gmail.com
    [password] => 123456
)

🛠 SQL Query: 
🔍 Email nhập vào: 
📥 Dữ liệu nhận được: {
    "email": "trungkien@gmail.com",
    "password": "1234567"
}
✅ JSON decode thành công: Array
(
    [email] => trungkien@gmail.com
    [password] => 1234567
)

🛠 SQL Query: 
🔍 Email nhập vào: 
📥 Dữ liệu nhận được: {
    "email": "trungkien@gmail.com",
    "password": "1234567"
}
✅ JSON decode thành công: Array
(
    [email] => trungkien@gmail.com
    [password] => 1234567
)

🛠 SQL Query: 
🔍 Email nhập vào: 
📥 Dữ liệu nhận được: {
    "email": "trungkien@gmail.com",
    "password": "12345679"
}
✅ JSON decode thành công: Array
(
    [email] => trungkien@gmail.com
    [password] => 12345679
)

🛠 SQL Query: 
🔍 Email nhập vào: 
[2025-04-16 13:46:56] Requesting attendance for session_id: 21, date: 2025-04-16
[2025-04-16 13:46:57] Successfully retrieved attendance data: {"success":true,"data":{"session":{"id":21,"date":"2025-07-04","time_slot":"Ca 1 (7:00 - 11:00)","room":"C606"},"attendance":[{"mssv":"DH5211056","hoten":"L\u1ea1i Th\u1ebf B\u1ea3o","status":"Ch\u01b0a \u0111i\u1ec3m danh","time":null},{"mssv":"DH52110561","hoten":"L\u00ea H\u1ea3i Qu\u00e2n","status":"Ch\u01b0a \u0111i\u1ec3m danh","time":null},{"mssv":"DH52110558","hoten":"L\u00ea Th\u00e0nh \u0110\u1ea1t","status":"Ch\u01b0a \u0111i\u1ec3m danh","time":null},{"mssv":"DH52110556","hoten":"Nguy\u1ec5n B\u1ea3o Anh","status":"Ch\u01b0a \u0111i\u1ec3m danh","time":null},{"mssv":"DH52110575","hoten":"Nguy\u1ec5n Ho\u00e0ng Th\u1ecbnh","status":"Ch\u01b0a \u0111i\u1ec3m danh","time":null},{"mssv":"DH76589001","hoten":"Nguy\u1ec5n H\u1ed3ng H\u00e0","status":"Ch\u01b0a \u0111i\u1ec3m danh","time":null},{"mssv":"DH52110576","hoten":"Nguy\u1ec5n Qu\u1ed1c B\u1ea3o","status":"Ch\u01b0a \u0111i\u1ec3m danh","time":null},{"mssv":"DH52110562","hoten":"Nguy\u1ec5n Th\u1ecb Th\u1ee5c \u0110oan","status":"Ch\u01b0a \u0111i\u1ec3m danh","time":null},{"mssv":"DH52101466","hoten":"Qu\u00e1ch Th\u00e1i H\u00f9ng","status":"Ch\u01b0a \u0111i\u1ec3m danh","time":null},{"mssv":"DH52110559","hoten":"Tr\u1ea7n \u0110\u00ecnh \u0110\u1ee9c","status":"Ch\u01b0a \u0111i\u1ec3m danh","time":null},{"mssv":"DH52110557","hoten":"V\u00f5 Trung Ki\u00ean","status":"Ch\u01b0a \u0111i\u1ec3m danh","time":null}]}}
[2025-04-16 13:47:00] Requesting attendance for session_id: 21, date: 2025-04-17
[2025-04-16 13:47:00] Successfully retrieved attendance data: {"success":true,"data":{"session":{"id":21,"date":"2025-07-04","time_slot":"Ca 1 (7:00 - 11:00)","room":"C606"},"attendance":[{"mssv":"DH5211056","hoten":"L\u1ea1i Th\u1ebf B\u1ea3o","status":"Ch\u01b0a \u0111i\u1ec3m danh","time":null},{"mssv":"DH52110561","hoten":"L\u00ea H\u1ea3i Qu\u00e2n","status":"Ch\u01b0a \u0111i\u1ec3m danh","time":null},{"mssv":"DH52110558","hoten":"L\u00ea Th\u00e0nh \u0110\u1ea1t","status":"Ch\u01b0a \u0111i\u1ec3m danh","time":null},{"mssv":"DH52110556","hoten":"Nguy\u1ec5n B\u1ea3o Anh","status":"Ch\u01b0a \u0111i\u1ec3m danh","time":null},{"mssv":"DH52110575","hoten":"Nguy\u1ec5n Ho\u00e0ng Th\u1ecbnh","status":"Ch\u01b0a \u0111i\u1ec3m danh","time":null},{"mssv":"DH76589001","hoten":"Nguy\u1ec5n H\u1ed3ng H\u00e0","status":"Ch\u01b0a \u0111i\u1ec3m danh","time":null},{"mssv":"DH52110576","hoten":"Nguy\u1ec5n Qu\u1ed1c B\u1ea3o","status":"Ch\u01b0a \u0111i\u1ec3m danh","time":null},{"mssv":"DH52110562","hoten":"Nguy\u1ec5n Th\u1ecb Th\u1ee5c \u0110oan","status":"Ch\u01b0a \u0111i\u1ec3m danh","time":null},{"mssv":"DH52101466","hoten":"Qu\u00e1ch Th\u00e1i H\u00f9ng","status":"Ch\u01b0a \u0111i\u1ec3m danh","time":null},{"mssv":"DH52110559","hoten":"Tr\u1ea7n \u0110\u00ecnh \u0110\u1ee9c","status":"Ch\u01b0a \u0111i\u1ec3m danh","time":null},{"mssv":"DH52110557","hoten":"V\u00f5 Trung Ki\u00ean","status":"Ch\u01b0a \u0111i\u1ec3m danh","time":null}]}}
